  TimSortCppV2.cpp
C:\Users\User\Desktop\Nauka\jakubsobanskicom\github\CppAlgorithms\SortingAlgorithms\TimSortCpp\TimSortCppV2\TimSortCppV2\TimSortCppV2\timsort.h(21,14): error C2039: „__and_”: nie jest składową elementu „std”
C:\Program Files\Microsoft Visual Studio\2022\Community\VC\Tools\MSVC\14.30.30705\include\vector(24): message : zobacz deklarację „std”
C:\Users\User\Desktop\Nauka\jakubsobanskicom\github\CppAlgorithms\SortingAlgorithms\TimSortCpp\TimSortCppV2\TimSortCppV2\TimSortCppV2\timsort.h(21,1): error C2065: "__and_": niezadeklarowany identyfikator
C:\Users\User\Desktop\Nauka\jakubsobanskicom\github\CppAlgorithms\SortingAlgorithms\TimSortCpp\TimSortCppV2\TimSortCppV2\TimSortCppV2\timsort.h(25,1): error C2977: "std::enable_if": zbyt dużo argumentów szablon
C:\Program Files\Microsoft Visual Studio\2022\Community\VC\Tools\MSVC\14.30.30705\include\xtr1common(43): message : zobacz deklarację „std::enable_if”
C:\Users\User\Desktop\Nauka\jakubsobanskicom\github\CppAlgorithms\SortingAlgorithms\TimSortCpp\TimSortCppV2\TimSortCppV2\TimSortCppV2\timsort.h(25,135): error C2988: nierozpoznana deklaracja/definicja szablonu
C:\Users\User\Desktop\Nauka\jakubsobanskicom\github\CppAlgorithms\SortingAlgorithms\TimSortCpp\TimSortCppV2\TimSortCppV2\TimSortCppV2\timsort.h(25,135): error C2059: błąd składniowy: „,”
C:\Users\User\Desktop\Nauka\jakubsobanskicom\github\CppAlgorithms\SortingAlgorithms\TimSortCpp\TimSortCppV2\TimSortCppV2\TimSortCppV2\timsort.h(26,15): error C2039: „type”: nie jest składową elementu „`global namespace'”
C:\Users\User\Desktop\Nauka\jakubsobanskicom\github\CppAlgorithms\SortingAlgorithms\TimSortCpp\TimSortCppV2\TimSortCppV2\TimSortCppV2\timsort.h(28,53): error C2065: "T": niezadeklarowany identyfikator
C:\Users\User\Desktop\Nauka\jakubsobanskicom\github\CppAlgorithms\SortingAlgorithms\TimSortCpp\TimSortCppV2\TimSortCppV2\TimSortCppV2\timsort.h(28,48): error C2923: "std::less": "T" nie jest prawidłowy argument typu szablon dla parametru "_Ty"
C:\Users\User\Desktop\Nauka\jakubsobanskicom\github\CppAlgorithms\SortingAlgorithms\TimSortCpp\TimSortCppV2\TimSortCppV2\TimSortCppV2\timsort.h(28): message : zobacz deklarację „T”
C:\Users\User\Desktop\Nauka\jakubsobanskicom\github\CppAlgorithms\SortingAlgorithms\TimSortCpp\TimSortCppV2\TimSortCppV2\TimSortCppV2\timsort.h(31,14): error C2061: błąd składniowy: identyfikator „IsRandomAccessIterator”
C:\Users\User\Desktop\Nauka\jakubsobanskicom\github\CppAlgorithms\SortingAlgorithms\TimSortCpp\TimSortCppV2\TimSortCppV2\TimSortCppV2\timsort.h(31,147): error C2988: nierozpoznana deklaracja/definicja szablonu
C:\Users\User\Desktop\Nauka\jakubsobanskicom\github\CppAlgorithms\SortingAlgorithms\TimSortCpp\TimSortCppV2\TimSortCppV2\TimSortCppV2\timsort.h(31,147): error C2059: błąd składniowy: „=”
C:\Users\User\Desktop\Nauka\jakubsobanskicom\github\CppAlgorithms\SortingAlgorithms\TimSortCpp\TimSortCppV2\TimSortCppV2\TimSortCppV2\timsort.h(34,14): error C2061: błąd składniowy: identyfikator „IsRandomAccessIterator”
C:\Users\User\Desktop\Nauka\jakubsobanskicom\github\CppAlgorithms\SortingAlgorithms\TimSortCpp\TimSortCppV2\TimSortCppV2\TimSortCppV2\timsort.h(34,67): error C2988: nierozpoznana deklaracja/definicja szablonu
C:\Users\User\Desktop\Nauka\jakubsobanskicom\github\CppAlgorithms\SortingAlgorithms\TimSortCpp\TimSortCppV2\TimSortCppV2\TimSortCppV2\timsort.h(34,67): error C2059: błąd składniowy: „=”
C:\Users\User\Desktop\Nauka\jakubsobanskicom\github\CppAlgorithms\SortingAlgorithms\TimSortCpp\TimSortCppV2\TimSortCppV2\TimSortCppV2\timsort.h(37,14): error C2061: błąd składniowy: identyfikator „IsRandomAccessIterator”
C:\Users\User\Desktop\Nauka\jakubsobanskicom\github\CppAlgorithms\SortingAlgorithms\TimSortCpp\TimSortCppV2\TimSortCppV2\TimSortCppV2\timsort.h(37,147): error C2988: nierozpoznana deklaracja/definicja szablonu
C:\Users\User\Desktop\Nauka\jakubsobanskicom\github\CppAlgorithms\SortingAlgorithms\TimSortCpp\TimSortCppV2\TimSortCppV2\TimSortCppV2\timsort.h(37,147): error C2059: błąd składniowy: „=”
C:\Users\User\Desktop\Nauka\jakubsobanskicom\github\CppAlgorithms\SortingAlgorithms\TimSortCpp\TimSortCppV2\TimSortCppV2\TimSortCppV2\timsort.h(40,14): error C2061: błąd składniowy: identyfikator „IsRandomAccessIterator”
C:\Users\User\Desktop\Nauka\jakubsobanskicom\github\CppAlgorithms\SortingAlgorithms\TimSortCpp\TimSortCppV2\TimSortCppV2\TimSortCppV2\timsort.h(40,147): error C2988: nierozpoznana deklaracja/definicja szablonu
C:\Users\User\Desktop\Nauka\jakubsobanskicom\github\CppAlgorithms\SortingAlgorithms\TimSortCpp\TimSortCppV2\TimSortCppV2\TimSortCppV2\timsort.h(40,147): error C2059: błąd składniowy: „=”
C:\Users\User\Desktop\Nauka\jakubsobanskicom\github\CppAlgorithms\SortingAlgorithms\TimSortCpp\TimSortCppV2\TimSortCppV2\TimSortCppV2\timsort.h(43,14): error C2061: błąd składniowy: identyfikator „IsRandomAccessIterator”
C:\Users\User\Desktop\Nauka\jakubsobanskicom\github\CppAlgorithms\SortingAlgorithms\TimSortCpp\TimSortCppV2\TimSortCppV2\TimSortCppV2\timsort.h(43,147): error C2988: nierozpoznana deklaracja/definicja szablonu
C:\Users\User\Desktop\Nauka\jakubsobanskicom\github\CppAlgorithms\SortingAlgorithms\TimSortCpp\TimSortCppV2\TimSortCppV2\TimSortCppV2\timsort.h(43,147): error C2059: błąd składniowy: „=”
C:\Users\User\Desktop\Nauka\jakubsobanskicom\github\CppAlgorithms\SortingAlgorithms\TimSortCpp\TimSortCppV2\TimSortCppV2\TimSortCppV2\timsort.h(46,14): error C2061: błąd składniowy: identyfikator „IsRandomAccessIterator”
C:\Users\User\Desktop\Nauka\jakubsobanskicom\github\CppAlgorithms\SortingAlgorithms\TimSortCpp\TimSortCppV2\TimSortCppV2\TimSortCppV2\timsort.h(46,147): error C2988: nierozpoznana deklaracja/definicja szablonu
C:\Users\User\Desktop\Nauka\jakubsobanskicom\github\CppAlgorithms\SortingAlgorithms\TimSortCpp\TimSortCppV2\TimSortCppV2\TimSortCppV2\timsort.h(46,147): error C2059: błąd składniowy: „=”
C:\Users\User\Desktop\Nauka\jakubsobanskicom\github\CppAlgorithms\SortingAlgorithms\TimSortCpp\TimSortCppV2\TimSortCppV2\TimSortCppV2\timsort.h(49,14): error C2061: błąd składniowy: identyfikator „IsRandomAccessIterator”
C:\Users\User\Desktop\Nauka\jakubsobanskicom\github\CppAlgorithms\SortingAlgorithms\TimSortCpp\TimSortCppV2\TimSortCppV2\TimSortCppV2\timsort.h(49,147): error C2988: nierozpoznana deklaracja/definicja szablonu
C:\Users\User\Desktop\Nauka\jakubsobanskicom\github\CppAlgorithms\SortingAlgorithms\TimSortCpp\TimSortCppV2\TimSortCppV2\TimSortCppV2\timsort.h(49,147): error C2059: błąd składniowy: „=”
C:\Users\User\Desktop\Nauka\jakubsobanskicom\github\CppAlgorithms\SortingAlgorithms\TimSortCpp\TimSortCppV2\TimSortCppV2\TimSortCppV2\timsort.h(52,14): error C2061: błąd składniowy: identyfikator „IsRandomAccessIterator”
C:\Users\User\Desktop\Nauka\jakubsobanskicom\github\CppAlgorithms\SortingAlgorithms\TimSortCpp\TimSortCppV2\TimSortCppV2\TimSortCppV2\timsort.h(52,147): error C2988: nierozpoznana deklaracja/definicja szablonu
C:\Users\User\Desktop\Nauka\jakubsobanskicom\github\CppAlgorithms\SortingAlgorithms\TimSortCpp\TimSortCppV2\TimSortCppV2\TimSortCppV2\timsort.h(52,147): error C2059: błąd składniowy: „=”
C:\Users\User\Desktop\Nauka\jakubsobanskicom\github\CppAlgorithms\SortingAlgorithms\TimSortCpp\TimSortCppV2\TimSortCppV2\TimSortCppV2\timsort.h(57,22): error C2039: „tim_sort”: nie jest składową elementu „timsort”
C:\Users\User\Desktop\Nauka\jakubsobanskicom\github\CppAlgorithms\SortingAlgorithms\TimSortCpp\TimSortCppV2\TimSortCppV2\TimSortCppV2\timsort.h(17): message : zobacz deklarację „timsort”
C:\Users\User\Desktop\Nauka\jakubsobanskicom\github\CppAlgorithms\SortingAlgorithms\TimSortCpp\TimSortCppV2\TimSortCppV2\TimSortCppV2\timsort.h(62,54): error C2039: „IsRandomAccessIterator”: nie jest składową elementu „timsort”
C:\Users\User\Desktop\Nauka\jakubsobanskicom\github\CppAlgorithms\SortingAlgorithms\TimSortCpp\TimSortCppV2\TimSortCppV2\TimSortCppV2\timsort.h(17): message : zobacz deklarację „timsort”
C:\Users\User\Desktop\Nauka\jakubsobanskicom\github\CppAlgorithms\SortingAlgorithms\TimSortCpp\TimSortCppV2\TimSortCppV2\TimSortCppV2\timsort.h(62,10): error C2061: błąd składniowy: identyfikator „IsRandomAccessIterator”
C:\Users\User\Desktop\Nauka\jakubsobanskicom\github\CppAlgorithms\SortingAlgorithms\TimSortCpp\TimSortCppV2\TimSortCppV2\TimSortCppV2\timsort.h(62,85): error C2988: nierozpoznana deklaracja/definicja szablonu
C:\Users\User\Desktop\Nauka\jakubsobanskicom\github\CppAlgorithms\SortingAlgorithms\TimSortCpp\TimSortCppV2\TimSortCppV2\TimSortCppV2\timsort.h(62,85): error C2059: błąd składniowy: „>”
C:\Users\User\Desktop\Nauka\jakubsobanskicom\github\CppAlgorithms\SortingAlgorithms\TimSortCpp\TimSortCppV2\TimSortCppV2\TimSortCppV2\timsort.h(63,22): error C2039: „tim_sort”: nie jest składową elementu „timsort”
C:\Users\User\Desktop\Nauka\jakubsobanskicom\github\CppAlgorithms\SortingAlgorithms\TimSortCpp\TimSortCppV2\TimSortCppV2\TimSortCppV2\timsort.h(17): message : zobacz deklarację „timsort”
C:\Users\User\Desktop\Nauka\jakubsobanskicom\github\CppAlgorithms\SortingAlgorithms\TimSortCpp\TimSortCppV2\TimSortCppV2\TimSortCppV2\timsort.h(64,1): error C2143: błąd składniowy: brakuje „;” przed „{”
C:\Users\User\Desktop\Nauka\jakubsobanskicom\github\CppAlgorithms\SortingAlgorithms\TimSortCpp\TimSortCppV2\TimSortCppV2\TimSortCppV2\timsort.h(64,1): error C2447: "{": brak nagłówka funkcji (stary styl formalnej listy?)
C:\Users\User\Desktop\Nauka\jakubsobanskicom\github\CppAlgorithms\SortingAlgorithms\TimSortCpp\TimSortCppV2\TimSortCppV2\TimSortCppV2\timsort.h(176,39): error C2039: „IsRandomAccessIterator”: nie jest składową elementu „timsort”
C:\Users\User\Desktop\Nauka\jakubsobanskicom\github\CppAlgorithms\SortingAlgorithms\TimSortCpp\TimSortCppV2\TimSortCppV2\TimSortCppV2\timsort.h(17): message : zobacz deklarację „timsort”
C:\Users\User\Desktop\Nauka\jakubsobanskicom\github\CppAlgorithms\SortingAlgorithms\TimSortCpp\TimSortCppV2\TimSortCppV2\TimSortCppV2\timsort.h(176,10): error C2061: błąd składniowy: identyfikator „IsRandomAccessIterator”
C:\Users\User\Desktop\Nauka\jakubsobanskicom\github\CppAlgorithms\SortingAlgorithms\TimSortCpp\TimSortCppV2\TimSortCppV2\TimSortCppV2\timsort.h(176,70): error C2988: nierozpoznana deklaracja/definicja szablonu
C:\Users\User\Desktop\Nauka\jakubsobanskicom\github\CppAlgorithms\SortingAlgorithms\TimSortCpp\TimSortCppV2\TimSortCppV2\TimSortCppV2\timsort.h(176,70): error C2059: błąd składniowy: „>”
C:\Users\User\Desktop\Nauka\jakubsobanskicom\github\CppAlgorithms\SortingAlgorithms\TimSortCpp\TimSortCppV2\TimSortCppV2\TimSortCppV2\timsort.h(177,22): error C2039: „reverse”: nie jest składową elementu „timsort”
C:\Users\User\Desktop\Nauka\jakubsobanskicom\github\CppAlgorithms\SortingAlgorithms\TimSortCpp\TimSortCppV2\TimSortCppV2\TimSortCppV2\timsort.h(17): message : zobacz deklarację „timsort”
C:\Users\User\Desktop\Nauka\jakubsobanskicom\github\CppAlgorithms\SortingAlgorithms\TimSortCpp\TimSortCppV2\TimSortCppV2\TimSortCppV2\timsort.h(178,1): error C2143: błąd składniowy: brakuje „;” przed „{”
C:\Users\User\Desktop\Nauka\jakubsobanskicom\github\CppAlgorithms\SortingAlgorithms\TimSortCpp\TimSortCppV2\TimSortCppV2\TimSortCppV2\timsort.h(178,1): error C2447: "{": brak nagłówka funkcji (stary styl formalnej listy?)
C:\Users\User\Desktop\Nauka\jakubsobanskicom\github\CppAlgorithms\SortingAlgorithms\TimSortCpp\TimSortCppV2\TimSortCppV2\TimSortCppV2\timsort.h(186,54): error C2039: „IsRandomAccessIterator”: nie jest składową elementu „timsort”
C:\Users\User\Desktop\Nauka\jakubsobanskicom\github\CppAlgorithms\SortingAlgorithms\TimSortCpp\TimSortCppV2\TimSortCppV2\TimSortCppV2\timsort.h(17): message : zobacz deklarację „timsort”
C:\Users\User\Desktop\Nauka\jakubsobanskicom\github\CppAlgorithms\SortingAlgorithms\TimSortCpp\TimSortCppV2\TimSortCppV2\TimSortCppV2\timsort.h(186,10): error C2061: błąd składniowy: identyfikator „IsRandomAccessIterator”
C:\Users\User\Desktop\Nauka\jakubsobanskicom\github\CppAlgorithms\SortingAlgorithms\TimSortCpp\TimSortCppV2\TimSortCppV2\TimSortCppV2\timsort.h(186,85): error C2988: nierozpoznana deklaracja/definicja szablonu
C:\Users\User\Desktop\Nauka\jakubsobanskicom\github\CppAlgorithms\SortingAlgorithms\TimSortCpp\TimSortCppV2\TimSortCppV2\TimSortCppV2\timsort.h(186,85): error C2059: błąd składniowy: „>”
C:\Users\User\Desktop\Nauka\jakubsobanskicom\github\CppAlgorithms\SortingAlgorithms\TimSortCpp\TimSortCppV2\TimSortCppV2\TimSortCppV2\timsort.h(187,22): error C2039: „insertion_sort”: nie jest składową elementu „timsort”
C:\Users\User\Desktop\Nauka\jakubsobanskicom\github\CppAlgorithms\SortingAlgorithms\TimSortCpp\TimSortCppV2\TimSortCppV2\TimSortCppV2\timsort.h(17): message : zobacz deklarację „timsort”
C:\Users\User\Desktop\Nauka\jakubsobanskicom\github\CppAlgorithms\SortingAlgorithms\TimSortCpp\TimSortCppV2\TimSortCppV2\TimSortCppV2\timsort.h(188,1): error C2143: błąd składniowy: brakuje „;” przed „{”
C:\Users\User\Desktop\Nauka\jakubsobanskicom\github\CppAlgorithms\SortingAlgorithms\TimSortCpp\TimSortCppV2\TimSortCppV2\TimSortCppV2\timsort.h(188,1): error C2447: "{": brak nagłówka funkcji (stary styl formalnej listy?)
C:\Users\User\Desktop\Nauka\jakubsobanskicom\github\CppAlgorithms\SortingAlgorithms\TimSortCpp\TimSortCppV2\TimSortCppV2\TimSortCppV2\timsort.h(203,54): error C2039: „IsRandomAccessIterator”: nie jest składową elementu „timsort”
C:\Users\User\Desktop\Nauka\jakubsobanskicom\github\CppAlgorithms\SortingAlgorithms\TimSortCpp\TimSortCppV2\TimSortCppV2\TimSortCppV2\timsort.h(17): message : zobacz deklarację „timsort”
C:\Users\User\Desktop\Nauka\jakubsobanskicom\github\CppAlgorithms\SortingAlgorithms\TimSortCpp\TimSortCppV2\TimSortCppV2\TimSortCppV2\timsort.h(203,10): error C2061: błąd składniowy: identyfikator „IsRandomAccessIterator”
C:\Users\User\Desktop\Nauka\jakubsobanskicom\github\CppAlgorithms\SortingAlgorithms\TimSortCpp\TimSortCppV2\TimSortCppV2\TimSortCppV2\timsort.h(203,85): error C2988: nierozpoznana deklaracja/definicja szablonu
C:\Users\User\Desktop\Nauka\jakubsobanskicom\github\CppAlgorithms\SortingAlgorithms\TimSortCpp\TimSortCppV2\TimSortCppV2\TimSortCppV2\timsort.h(203,85): error C2059: błąd składniowy: „>”
C:\Users\User\Desktop\Nauka\jakubsobanskicom\github\CppAlgorithms\SortingAlgorithms\TimSortCpp\TimSortCppV2\TimSortCppV2\TimSortCppV2\timsort.h(204,22): error C2039: „merge_sort”: nie jest składową elementu „timsort”
C:\Users\User\Desktop\Nauka\jakubsobanskicom\github\CppAlgorithms\SortingAlgorithms\TimSortCpp\TimSortCppV2\TimSortCppV2\TimSortCppV2\timsort.h(17): message : zobacz deklarację „timsort”
C:\Users\User\Desktop\Nauka\jakubsobanskicom\github\CppAlgorithms\SortingAlgorithms\TimSortCpp\TimSortCppV2\TimSortCppV2\TimSortCppV2\timsort.h(205,1): error C2143: błąd składniowy: brakuje „;” przed „{”
C:\Users\User\Desktop\Nauka\jakubsobanskicom\github\CppAlgorithms\SortingAlgorithms\TimSortCpp\TimSortCppV2\TimSortCppV2\TimSortCppV2\timsort.h(205,1): error C2447: "{": brak nagłówka funkcji (stary styl formalnej listy?)
C:\Users\User\Desktop\Nauka\jakubsobanskicom\github\CppAlgorithms\SortingAlgorithms\TimSortCpp\TimSortCppV2\TimSortCppV2\TimSortCppV2\timsort.h(260,54): error C2039: „IsRandomAccessIterator”: nie jest składową elementu „timsort”
C:\Users\User\Desktop\Nauka\jakubsobanskicom\github\CppAlgorithms\SortingAlgorithms\TimSortCpp\TimSortCppV2\TimSortCppV2\TimSortCppV2\timsort.h(17): message : zobacz deklarację „timsort”
C:\Users\User\Desktop\Nauka\jakubsobanskicom\github\CppAlgorithms\SortingAlgorithms\TimSortCpp\TimSortCppV2\TimSortCppV2\TimSortCppV2\timsort.h(260,10): error C2061: błąd składniowy: identyfikator „IsRandomAccessIterator”
C:\Users\User\Desktop\Nauka\jakubsobanskicom\github\CppAlgorithms\SortingAlgorithms\TimSortCpp\TimSortCppV2\TimSortCppV2\TimSortCppV2\timsort.h(260,85): error C2988: nierozpoznana deklaracja/definicja szablonu
C:\Users\User\Desktop\Nauka\jakubsobanskicom\github\CppAlgorithms\SortingAlgorithms\TimSortCpp\TimSortCppV2\TimSortCppV2\TimSortCppV2\timsort.h(260,85): error C2059: błąd składniowy: „>”
C:\Users\User\Desktop\Nauka\jakubsobanskicom\github\CppAlgorithms\SortingAlgorithms\TimSortCpp\TimSortCppV2\TimSortCppV2\TimSortCppV2\timsort.h(261,22): error C2039: „merge_lo”: nie jest składową elementu „timsort”
C:\Users\User\Desktop\Nauka\jakubsobanskicom\github\CppAlgorithms\SortingAlgorithms\TimSortCpp\TimSortCppV2\TimSortCppV2\TimSortCppV2\timsort.h(17): message : zobacz deklarację „timsort”
C:\Users\User\Desktop\Nauka\jakubsobanskicom\github\CppAlgorithms\SortingAlgorithms\TimSortCpp\TimSortCppV2\TimSortCppV2\TimSortCppV2\timsort.h(262,1): error C2143: błąd składniowy: brakuje „;” przed „{”
C:\Users\User\Desktop\Nauka\jakubsobanskicom\github\CppAlgorithms\SortingAlgorithms\TimSortCpp\TimSortCppV2\TimSortCppV2\TimSortCppV2\timsort.h(262,1): error C2447: "{": brak nagłówka funkcji (stary styl formalnej listy?)
C:\Users\User\Desktop\Nauka\jakubsobanskicom\github\CppAlgorithms\SortingAlgorithms\TimSortCpp\TimSortCppV2\TimSortCppV2\TimSortCppV2\timsort.h(286,54): error C2039: „IsRandomAccessIterator”: nie jest składową elementu „timsort”
C:\Users\User\Desktop\Nauka\jakubsobanskicom\github\CppAlgorithms\SortingAlgorithms\TimSortCpp\TimSortCppV2\TimSortCppV2\TimSortCppV2\timsort.h(17): message : zobacz deklarację „timsort”
C:\Users\User\Desktop\Nauka\jakubsobanskicom\github\CppAlgorithms\SortingAlgorithms\TimSortCpp\TimSortCppV2\TimSortCppV2\TimSortCppV2\timsort.h(286,10): error C2061: błąd składniowy: identyfikator „IsRandomAccessIterator”
C:\Users\User\Desktop\Nauka\jakubsobanskicom\github\CppAlgorithms\SortingAlgorithms\TimSortCpp\TimSortCppV2\TimSortCppV2\TimSortCppV2\timsort.h(286,85): error C2988: nierozpoznana deklaracja/definicja szablonu
C:\Users\User\Desktop\Nauka\jakubsobanskicom\github\CppAlgorithms\SortingAlgorithms\TimSortCpp\TimSortCppV2\TimSortCppV2\TimSortCppV2\timsort.h(286,85): error C2059: błąd składniowy: „>”
C:\Users\User\Desktop\Nauka\jakubsobanskicom\github\CppAlgorithms\SortingAlgorithms\TimSortCpp\TimSortCppV2\TimSortCppV2\TimSortCppV2\timsort.h(287,22): error C2039: „merge_hi”: nie jest składową elementu „timsort”
C:\Users\User\Desktop\Nauka\jakubsobanskicom\github\CppAlgorithms\SortingAlgorithms\TimSortCpp\TimSortCppV2\TimSortCppV2\TimSortCppV2\timsort.h(17): message : zobacz deklarację „timsort”
C:\Users\User\Desktop\Nauka\jakubsobanskicom\github\CppAlgorithms\SortingAlgorithms\TimSortCpp\TimSortCppV2\TimSortCppV2\TimSortCppV2\timsort.h(288,1): error C2143: błąd składniowy: brakuje „;” przed „{”
C:\Users\User\Desktop\Nauka\jakubsobanskicom\github\CppAlgorithms\SortingAlgorithms\TimSortCpp\TimSortCppV2\TimSortCppV2\TimSortCppV2\timsort.h(288,1): error C2447: "{": brak nagłówka funkcji (stary styl formalnej listy?)
C:\Users\User\Desktop\Nauka\jakubsobanskicom\github\CppAlgorithms\SortingAlgorithms\TimSortCpp\TimSortCppV2\TimSortCppV2\TimSortCppV2\timsort.h(312,54): error C2039: „IsRandomAccessIterator”: nie jest składową elementu „timsort”
C:\Users\User\Desktop\Nauka\jakubsobanskicom\github\CppAlgorithms\SortingAlgorithms\TimSortCpp\TimSortCppV2\TimSortCppV2\TimSortCppV2\timsort.h(17): message : zobacz deklarację „timsort”
C:\Users\User\Desktop\Nauka\jakubsobanskicom\github\CppAlgorithms\SortingAlgorithms\TimSortCpp\TimSortCppV2\TimSortCppV2\TimSortCppV2\timsort.h(312,10): error C2061: błąd składniowy: identyfikator „IsRandomAccessIterator”
C:\Users\User\Desktop\Nauka\jakubsobanskicom\github\CppAlgorithms\SortingAlgorithms\TimSortCpp\TimSortCppV2\TimSortCppV2\TimSortCppV2\timsort.h(312,85): error C2988: nierozpoznana deklaracja/definicja szablonu
C:\Users\User\Desktop\Nauka\jakubsobanskicom\github\CppAlgorithms\SortingAlgorithms\TimSortCpp\TimSortCppV2\TimSortCppV2\TimSortCppV2\timsort.h(312,85): error C2059: błąd składniowy: „>”
C:\Users\User\Desktop\Nauka\jakubsobanskicom\github\CppAlgorithms\SortingAlgorithms\TimSortCpp\TimSortCppV2\TimSortCppV2\TimSortCppV2\timsort.h(313,24): error C2039: „bisect_left”: nie jest składową elementu „timsort”
C:\Users\User\Desktop\Nauka\jakubsobanskicom\github\CppAlgorithms\SortingAlgorithms\TimSortCpp\TimSortCppV2\TimSortCppV2\TimSortCppV2\timsort.h(17): message : zobacz deklarację „timsort”
C:\Users\User\Desktop\Nauka\jakubsobanskicom\github\CppAlgorithms\SortingAlgorithms\TimSortCpp\TimSortCppV2\TimSortCppV2\TimSortCppV2\timsort.h(314,1): error C2143: błąd składniowy: brakuje „;” przed „{”
C:\Users\User\Desktop\Nauka\jakubsobanskicom\github\CppAlgorithms\SortingAlgorithms\TimSortCpp\TimSortCppV2\TimSortCppV2\TimSortCppV2\timsort.h(314,1): error C2447: "{": brak nagłówka funkcji (stary styl formalnej listy?)
C:\Users\User\Desktop\Nauka\jakubsobanskicom\github\CppAlgorithms\SortingAlgorithms\TimSortCpp\TimSortCppV2\TimSortCppV2\TimSortCppV2\timsort.h(332,54): error C2039: „IsRandomAccessIterator”: nie jest składową elementu „timsort”
C:\Users\User\Desktop\Nauka\jakubsobanskicom\github\CppAlgorithms\SortingAlgorithms\TimSortCpp\TimSortCppV2\TimSortCppV2\TimSortCppV2\timsort.h(17): message : zobacz deklarację „timsort”
C:\Users\User\Desktop\Nauka\jakubsobanskicom\github\CppAlgorithms\SortingAlgorithms\TimSortCpp\TimSortCppV2\TimSortCppV2\TimSortCppV2\timsort.h(332,10): error C2061: błąd składniowy: identyfikator „IsRandomAccessIterator”
C:\Users\User\Desktop\Nauka\jakubsobanskicom\github\CppAlgorithms\SortingAlgorithms\TimSortCpp\TimSortCppV2\TimSortCppV2\TimSortCppV2\timsort.h(332,85): error C2988: nierozpoznana deklaracja/definicja szablonu
C:\Users\User\Desktop\Nauka\jakubsobanskicom\github\CppAlgorithms\SortingAlgorithms\TimSortCpp\TimSortCppV2\TimSortCppV2\TimSortCppV2\timsort.h(332,85): error C2059: błąd składniowy: „>”
C:\Users\User\Desktop\Nauka\jakubsobanskicom\github\CppAlgorithms\SortingAlgorithms\TimSortCpp\TimSortCppV2\TimSortCppV2\TimSortCppV2\timsort.h(333,24): error C2039: „bisect_right”: nie jest składową elementu „timsort”
C:\Users\User\Desktop\Nauka\jakubsobanskicom\github\CppAlgorithms\SortingAlgorithms\TimSortCpp\TimSortCppV2\TimSortCppV2\TimSortCppV2\timsort.h(17): message : zobacz deklarację „timsort”
C:\Users\User\Desktop\Nauka\jakubsobanskicom\github\CppAlgorithms\SortingAlgorithms\TimSortCpp\TimSortCppV2\TimSortCppV2\TimSortCppV2\timsort.h(334,1): error C2143: błąd składniowy: brakuje „;” przed „{”
C:\Users\User\Desktop\Nauka\jakubsobanskicom\github\CppAlgorithms\SortingAlgorithms\TimSortCpp\TimSortCppV2\TimSortCppV2\TimSortCppV2\timsort.h(334,1): error C2447: "{": brak nagłówka funkcji (stary styl formalnej listy?)
C:\Program Files (x86)\Windows Kits\10\Include\10.0.19041.0\ucrt\time.h(31,1): error C2631: „_timespec32”: klasy lub wyliczenia nie można zdefiniować w szablonie aliasu
C:\Program Files\Microsoft Visual Studio\2022\Community\VC\Tools\MSVC\14.30.30705\include\ctime(21,1): error C2988: nierozpoznana deklaracja/definicja szablonu
C:\Program Files\Microsoft Visual Studio\2022\Community\VC\Tools\MSVC\14.30.30705\include\ctime(21,1): error C2059: błąd składniowy: „<end Parse>”
C:\Program Files\Microsoft Visual Studio\2022\Community\VC\Tools\MSVC\14.30.30705\include\ctime(21,1): error C2143: błąd składniowy: brakuje „;” przed „{”
C:\Program Files\Microsoft Visual Studio\2022\Community\VC\Tools\MSVC\14.30.30705\include\ctime(21,1): error C2447: "{": brak nagłówka funkcji (stary styl formalnej listy?)
C:\Program Files\Microsoft Visual Studio\2022\Community\VC\Tools\MSVC\14.30.30705\include\ratio(22,1): error C2894: nie można zadeklarować szablonów jako mających powiązanie 'C'
C:\Program Files\Microsoft Visual Studio\2022\Community\VC\Tools\MSVC\14.30.30705\include\ratio(23,1): error C2631: „_Abs”: klasy lub wyliczenia nie można zdefiniować w szablonie aliasu
C:\Program Files\Microsoft Visual Studio\2022\Community\VC\Tools\MSVC\14.30.30705\include\xtimec.h(21,1): fatal error C1903: nie można odzyskać od poprzedniego błędu(ów); zatrzymywanie kompilacji
